2020-07-01 20:43:34,438-[INFO]-test_register.py-注册断言处理-日志信息:开始执行第1个条测试用例
2020-07-01 20:43:34,607-[INFO]-test_register.py-注册断言处理-日志信息:开始执行第2个条测试用例
2020-07-01 20:43:34,801-[INFO]-test_register.py-注册断言处理-日志信息:开始执行第3个条测试用例
2020-07-01 20:43:34,974-[INFO]-test_register.py-注册断言处理-日志信息:开始执行第4个条测试用例
2020-07-01 20:43:35,488-[INFO]-test_register.py-注册断言处理-日志信息:开始执行第5个条测试用例
2020-07-01 20:44:43,140-[INFO]-test_register.py-注册断言处理-日志信息:开始执行第1个条测试用例
2020-07-01 20:44:43,323-[INFO]-test_register.py-注册断言处理-日志信息:开始执行第2个条测试用例
2020-07-01 20:44:43,513-[INFO]-test_register.py-注册断言处理-日志信息:开始执行第3个条测试用例
2020-07-01 20:44:43,700-[INFO]-test_register.py-注册断言处理-日志信息:开始执行第4个条测试用例
2020-07-01 20:44:44,222-[INFO]-test_register.py-注册断言处理-日志信息:开始执行第5个条测试用例
2020-07-01 20:58:41,134-[INFO]-test_register.py-注册断言处理-日志信息:开始执行第1个条测试用例
2020-07-01 20:58:41,317-[INFO]-test_register.py-注册断言处理-日志信息:开始执行第2个条测试用例
2020-07-01 20:58:41,486-[INFO]-test_register.py-注册断言处理-日志信息:开始执行第3个条测试用例
2020-07-01 20:58:41,673-[INFO]-test_register.py-注册断言处理-日志信息:开始执行第4个条测试用例
2020-07-01 20:58:42,183-[INFO]-test_register.py-注册断言处理-日志信息:开始执行第5个条测试用例
2020-07-01 20:59:23,708-[INFO]-test_register.py-注册断言处理-日志信息:开始执行第1个条测试用例
2020-07-01 20:59:25,156-[INFO]-test_register.py-注册断言处理-日志信息:开始执行第2个条测试用例
2020-07-01 20:59:25,442-[INFO]-test_register.py-注册断言处理-日志信息:开始执行第3个条测试用例
2020-07-01 20:59:25,719-[INFO]-test_register.py-注册断言处理-日志信息:开始执行第4个条测试用例
2020-07-01 20:59:26,316-[INFO]-test_register.py-注册断言处理-日志信息:开始执行第5个条测试用例
2020-07-04 13:51:27,457-[INFO]-test_register.py-注册断言处理-日志信息:开始执行第1个条测试用例
2020-07-04 13:51:30,351-[INFO]-test_register.py-注册断言处理-日志信息:开始执行第2个条测试用例
2020-07-04 13:51:30,651-[INFO]-test_register.py-注册断言处理-日志信息:开始执行第3个条测试用例
2020-07-04 13:51:30,936-[INFO]-test_register.py-注册断言处理-日志信息:开始执行第4个条测试用例
2020-07-04 13:51:31,553-[INFO]-test_register.py-注册断言处理-日志信息:开始执行第5个条测试用例
2020-07-04 14:51:48,054-[INFO]-test_register.py-注册断言处理-日志信息:开始执行第1个条测试用例
2020-07-04 14:51:51,183-[INFO]-test_register.py-注册断言处理-日志信息:开始执行第2个条测试用例
2020-07-04 14:51:51,349-[INFO]-test_register.py-注册断言处理-日志信息:开始执行第3个条测试用例
2020-07-04 14:51:51,625-[INFO]-test_register.py-注册断言处理-日志信息:开始执行第4个条测试用例
2020-07-04 14:51:51,763-[INFO]-test_register.py-注册断言处理-日志信息:开始执行第5个条测试用例
2020-07-04 14:52:18,546-[INFO]-test_register.py-注册断言处理-日志信息:开始执行第1个条测试用例
2020-07-04 14:52:20,957-[INFO]-test_register.py-注册断言处理-日志信息:开始执行第2个条测试用例
2020-07-04 14:52:21,270-[INFO]-test_register.py-注册断言处理-日志信息:开始执行第3个条测试用例
2020-07-04 14:52:21,456-[INFO]-test_register.py-注册断言处理-日志信息:开始执行第4个条测试用例
2020-07-04 14:52:21,723-[INFO]-test_register.py-注册断言处理-日志信息:开始执行第5个条测试用例
2020-07-04 14:52:50,598-[INFO]-test_register.py-注册断言处理-日志信息:开始执行第1个条测试用例
2020-07-04 14:52:52,083-[INFO]-test_register.py-注册断言处理-日志信息:开始执行第2个条测试用例
2020-07-04 14:52:53,268-[INFO]-test_register.py-注册断言处理-日志信息:开始执行第3个条测试用例
2020-07-04 14:52:53,509-[INFO]-test_register.py-注册断言处理-日志信息:开始执行第4个条测试用例
2020-07-04 14:52:53,772-[INFO]-test_register.py-注册断言处理-日志信息:开始执行第5个条测试用例
2020-07-04 15:08:01,828-[INFO]-test_register.py-注册断言处理-日志信息:开始执行第1个条测试用例
2020-07-04 15:08:03,549-[INFO]-test_register.py-注册断言处理-日志信息:开始执行第2个条测试用例
2020-07-04 15:08:03,979-[INFO]-test_register.py-注册断言处理-日志信息:开始执行第3个条测试用例
2020-07-04 15:08:04,248-[INFO]-test_register.py-注册断言处理-日志信息:开始执行第4个条测试用例
2020-07-04 15:08:04,445-[INFO]-test_register.py-注册断言处理-日志信息:开始执行第5个条测试用例
2020-07-04 15:10:00,443-[INFO]-test_register.py-注册断言处理-日志信息:开始执行第1个条测试用例
2020-07-04 15:10:02,912-[INFO]-test_register.py-注册断言处理-日志信息:开始执行第2个条测试用例
2020-07-04 15:10:03,076-[INFO]-test_register.py-注册断言处理-日志信息:开始执行第3个条测试用例
2020-07-04 15:10:03,213-[INFO]-test_register.py-注册断言处理-日志信息:开始执行第4个条测试用例
2020-07-04 15:10:03,361-[INFO]-test_register.py-注册断言处理-日志信息:开始执行第5个条测试用例
2020-07-04 15:11:37,183-[INFO]-test_register.py-注册断言处理-日志信息:开始执行第1个条测试用例
2020-07-04 15:11:38,951-[ERROR]-test_register.py-注册断言处理-日志信息:第1条的结果为：pass
2020-07-04 15:11:38,989-[INFO]-test_register.py-注册断言处理-日志信息:开始执行第2个条测试用例
2020-07-04 15:11:39,359-[ERROR]-test_register.py-注册断言处理-日志信息:第2条的结果为：pass
2020-07-04 15:11:39,398-[INFO]-test_register.py-注册断言处理-日志信息:开始执行第3个条测试用例
2020-07-04 15:11:39,784-[ERROR]-test_register.py-注册断言处理-日志信息:第3条的结果为：pass
2020-07-04 15:11:39,825-[INFO]-test_register.py-注册断言处理-日志信息:开始执行第4个条测试用例
2020-07-04 15:11:40,145-[ERROR]-test_register.py-注册断言处理-日志信息:第4条的结果为：pass
2020-07-04 15:11:40,190-[INFO]-test_register.py-注册断言处理-日志信息:开始执行第5个条测试用例
2020-07-04 15:11:40,482-[ERROR]-test_register.py-注册断言处理-日志信息:第5条的结果为：pass
2020-07-04 15:13:59,776-[INFO]-test_register.py-注册断言处理-日志信息:开始执行第1个条测试用例
2020-07-04 15:14:02,924-[ERROR]-test_register.py-注册断言处理-日志信息:第1条的结果为：pass
2020-07-04 15:14:02,962-[INFO]-test_register.py-注册断言处理-日志信息:开始执行第2个条测试用例
2020-07-04 15:14:03,345-[ERROR]-test_register.py-注册断言处理-日志信息:第2条的结果为：pass
2020-07-04 15:14:03,387-[INFO]-test_register.py-注册断言处理-日志信息:开始执行第3个条测试用例
2020-07-04 15:14:03,880-[ERROR]-test_register.py-注册断言处理-日志信息:第3条的结果为：pass
2020-07-04 15:14:03,922-[INFO]-test_register.py-注册断言处理-日志信息:开始执行第4个条测试用例
2020-07-04 15:14:04,258-[ERROR]-test_register.py-注册断言处理-日志信息:第4条的结果为：pass
2020-07-04 15:14:04,326-[INFO]-test_register.py-注册断言处理-日志信息:开始执行第5个条测试用例
2020-07-04 15:14:04,696-[ERROR]-test_register.py-注册断言处理-日志信息:第5条的结果为：flas
2020-07-04 15:46:05,829-[INFO]-test_login.py-登录断言处理-日志信息:开始执行第1个条测试用例
2020-07-04 15:46:07,662-[ERROR]-test_login.py-登录断言处理-日志信息:第1条的结果为：pass
2020-07-04 15:46:07,669-[INFO]-test_login.py-登录断言处理-日志信息:开始执行第2个条测试用例
2020-07-04 15:46:08,136-[ERROR]-test_login.py-登录断言处理-日志信息:第2条的结果为：pass
2020-07-04 15:46:08,141-[INFO]-test_login.py-登录断言处理-日志信息:开始执行第3个条测试用例
2020-07-04 15:46:08,631-[ERROR]-test_login.py-登录断言处理-日志信息:第3条的结果为：pass
2020-07-04 15:46:08,643-[INFO]-test_login.py-登录断言处理-日志信息:开始执行第4个条测试用例
2020-07-04 15:46:09,029-[ERROR]-test_login.py-登录断言处理-日志信息:第4条的结果为：pass
2020-07-04 15:46:09,036-[INFO]-test_login.py-登录断言处理-日志信息:开始执行第5个条测试用例
2020-07-04 15:46:09,438-[ERROR]-test_login.py-登录断言处理-日志信息:第5条的结果为：pass
2020-07-04 15:46:09,449-[INFO]-test_login.py-登录断言处理-日志信息:开始执行第6个条测试用例
2020-07-04 15:46:09,892-[ERROR]-test_login.py-登录断言处理-日志信息:第6条的结果为：pass
2020-07-04 15:46:09,897-[INFO]-test_login.py-登录断言处理-日志信息:开始执行第7个条测试用例
2020-07-04 15:46:10,620-[ERROR]-test_login.py-登录断言处理-日志信息:第7条的结果为：pass
2020-07-09 09:55:14,594-[INFO]-test_login.py-登录断言处理-日志信息:开始执行第1个条测试用例
2020-07-09 09:55:22,295-[ERROR]-test_login.py-登录断言处理-日志信息:第1条的结果为：pass
2020-07-09 09:55:22,298-[INFO]-test_login.py-登录断言处理-日志信息:开始执行第2个条测试用例
2020-07-09 09:55:30,866-[ERROR]-test_login.py-登录断言处理-日志信息:第2条的结果为：pass
2020-07-09 09:55:30,869-[INFO]-test_login.py-登录断言处理-日志信息:开始执行第3个条测试用例
2020-07-09 09:55:35,947-[ERROR]-test_login.py-登录断言处理-日志信息:第3条的结果为：pass
2020-07-09 09:55:35,949-[INFO]-test_login.py-登录断言处理-日志信息:开始执行第4个条测试用例
2020-07-09 09:55:38,980-[ERROR]-test_login.py-登录断言处理-日志信息:第4条的结果为：pass
2020-07-09 09:55:38,983-[INFO]-test_login.py-登录断言处理-日志信息:开始执行第5个条测试用例
2020-07-09 09:55:41,083-[ERROR]-test_login.py-登录断言处理-日志信息:第5条的结果为：pass
2020-07-09 09:55:41,085-[INFO]-test_login.py-登录断言处理-日志信息:开始执行第6个条测试用例
2020-07-09 09:55:43,981-[ERROR]-test_login.py-登录断言处理-日志信息:第6条的结果为：pass
2020-07-09 09:55:43,984-[INFO]-test_login.py-登录断言处理-日志信息:开始执行第7个条测试用例
2020-07-09 09:55:47,969-[ERROR]-test_login.py-登录断言处理-日志信息:第7条的结果为：pass
2020-07-09 09:58:03,054-[INFO]-test_login.py-登录断言处理-日志信息:开始执行第1个条测试用例
2020-07-09 09:58:22,094-[ERROR]-test_login.py-登录断言处理-日志信息:第1条的结果为：pass
2020-07-09 09:58:22,097-[INFO]-test_login.py-登录断言处理-日志信息:开始执行第2个条测试用例
2020-07-09 09:58:26,669-[ERROR]-test_login.py-登录断言处理-日志信息:第2条的结果为：pass
2020-07-09 09:58:26,671-[INFO]-test_login.py-登录断言处理-日志信息:开始执行第3个条测试用例
2020-07-09 09:58:32,545-[ERROR]-test_login.py-登录断言处理-日志信息:第3条的结果为：pass
2020-07-09 09:58:32,547-[INFO]-test_login.py-登录断言处理-日志信息:开始执行第4个条测试用例
2020-07-09 09:58:39,087-[ERROR]-test_login.py-登录断言处理-日志信息:第4条的结果为：pass
2020-07-09 09:58:39,090-[INFO]-test_login.py-登录断言处理-日志信息:开始执行第5个条测试用例
2020-07-09 09:58:47,921-[ERROR]-test_login.py-登录断言处理-日志信息:第5条的结果为：pass
2020-07-09 09:58:47,923-[INFO]-test_login.py-登录断言处理-日志信息:开始执行第6个条测试用例
2020-07-09 09:58:55,229-[ERROR]-test_login.py-登录断言处理-日志信息:第6条的结果为：pass
2020-07-09 09:58:55,231-[INFO]-test_login.py-登录断言处理-日志信息:开始执行第7个条测试用例
2020-07-09 09:59:02,870-[ERROR]-test_login.py-登录断言处理-日志信息:第7条的结果为：pass
2020-07-09 16:39:07,211-[INFO]-test_login.py-登录断言处理-日志信息:开始执行第1个条测试用例
2020-07-09 16:39:08,216-[INFO]-test_login.py-登录断言处理-日志信息:开始执行第2个条测试用例
2020-07-09 16:39:08,416-[INFO]-test_login.py-登录断言处理-日志信息:开始执行第3个条测试用例
2020-07-09 16:39:08,622-[INFO]-test_login.py-登录断言处理-日志信息:开始执行第4个条测试用例
2020-07-09 16:39:08,827-[INFO]-test_login.py-登录断言处理-日志信息:开始执行第5个条测试用例
2020-07-09 16:39:09,029-[INFO]-test_login.py-登录断言处理-日志信息:开始执行第6个条测试用例
2020-07-09 16:39:09,248-[INFO]-test_login.py-登录断言处理-日志信息:开始执行第7个条测试用例
2020-07-09 16:39:34,542-[INFO]-test_login.py-登录断言处理-日志信息:开始执行第1个条测试用例
2020-07-09 16:39:35,990-[ERROR]-test_login.py-登录断言处理-日志信息:第1条的结果为：pass
2020-07-09 16:39:35,997-[INFO]-test_login.py-登录断言处理-日志信息:开始执行第2个条测试用例
2020-07-09 16:39:36,328-[ERROR]-test_login.py-登录断言处理-日志信息:第2条的结果为：pass
2020-07-09 16:39:36,331-[INFO]-test_login.py-登录断言处理-日志信息:开始执行第3个条测试用例
2020-07-09 16:39:36,551-[ERROR]-test_login.py-登录断言处理-日志信息:第3条的结果为：pass
2020-07-09 16:39:36,554-[INFO]-test_login.py-登录断言处理-日志信息:开始执行第4个条测试用例
2020-07-09 16:39:36,782-[ERROR]-test_login.py-登录断言处理-日志信息:第4条的结果为：pass
2020-07-09 16:39:36,784-[INFO]-test_login.py-登录断言处理-日志信息:开始执行第5个条测试用例
2020-07-09 16:39:37,041-[ERROR]-test_login.py-登录断言处理-日志信息:第5条的结果为：pass
2020-07-09 16:39:37,044-[INFO]-test_login.py-登录断言处理-日志信息:开始执行第6个条测试用例
2020-07-09 16:39:37,349-[ERROR]-test_login.py-登录断言处理-日志信息:第6条的结果为：pass
2020-07-09 16:39:37,351-[INFO]-test_login.py-登录断言处理-日志信息:开始执行第7个条测试用例
2020-07-09 16:39:37,717-[ERROR]-test_login.py-登录断言处理-日志信息:第7条的结果为：pass
2020-07-09 16:45:50,164-[INFO]-test_login.py-登录断言处理-日志信息:开始执行第1个条测试用例
2020-07-09 16:45:54,040-[ERROR]-test_login.py-登录断言处理-日志信息:第1条的结果为：pass
2020-07-09 16:45:54,043-[INFO]-test_login.py-登录断言处理-日志信息:开始执行第2个条测试用例
2020-07-09 16:45:56,196-[ERROR]-test_login.py-登录断言处理-日志信息:第2条的结果为：pass
2020-07-09 16:45:56,198-[INFO]-test_login.py-登录断言处理-日志信息:开始执行第3个条测试用例
2020-07-09 16:45:58,902-[ERROR]-test_login.py-登录断言处理-日志信息:第3条的结果为：pass
2020-07-09 16:45:58,904-[INFO]-test_login.py-登录断言处理-日志信息:开始执行第4个条测试用例
2020-07-09 16:46:01,128-[ERROR]-test_login.py-登录断言处理-日志信息:第4条的结果为：pass
2020-07-09 16:46:01,130-[INFO]-test_login.py-登录断言处理-日志信息:开始执行第5个条测试用例
2020-07-09 16:46:05,519-[ERROR]-test_login.py-登录断言处理-日志信息:第5条的结果为：pass
2020-07-09 16:46:05,522-[INFO]-test_login.py-登录断言处理-日志信息:开始执行第6个条测试用例
2020-07-09 16:46:09,425-[ERROR]-test_login.py-登录断言处理-日志信息:第6条的结果为：pass
2020-07-09 16:46:09,428-[INFO]-test_login.py-登录断言处理-日志信息:开始执行第7个条测试用例
2020-07-09 16:46:11,859-[ERROR]-test_login.py-登录断言处理-日志信息:第7条的结果为：pass
2020-07-09 18:00:11,788-[INFO]-test_login.py-登录断言处理-日志信息:开始执行第1个条测试用例
2020-07-09 18:00:11,789-[INFO]-test_login.py-登录断言处理-日志信息:开始执行第2个条测试用例
2020-07-09 18:00:11,791-[INFO]-test_login.py-登录断言处理-日志信息:开始执行第3个条测试用例
2020-07-09 18:00:11,792-[INFO]-test_login.py-登录断言处理-日志信息:开始执行第4个条测试用例
2020-07-09 18:00:11,794-[INFO]-test_login.py-登录断言处理-日志信息:开始执行第5个条测试用例
2020-07-09 18:00:11,794-[INFO]-test_login.py-登录断言处理-日志信息:开始执行第6个条测试用例
2020-07-09 18:00:11,795-[INFO]-test_login.py-登录断言处理-日志信息:开始执行第7个条测试用例
2020-07-09 18:01:02,345-[INFO]-test_login.py-登录断言处理-日志信息:开始执行第1个条测试用例
2020-07-09 18:01:04,347-[ERROR]-test_login.py-登录断言处理-日志信息:第1条的结果为：flas
2020-07-09 18:01:04,403-[INFO]-test_login.py-登录断言处理-日志信息:开始执行第2个条测试用例
2020-07-09 18:01:05,804-[ERROR]-test_login.py-登录断言处理-日志信息:第2条的结果为：flas
2020-07-09 18:01:05,807-[INFO]-test_login.py-登录断言处理-日志信息:开始执行第3个条测试用例
2020-07-09 18:01:08,449-[ERROR]-test_login.py-登录断言处理-日志信息:第3条的结果为：flas
2020-07-09 18:01:08,452-[INFO]-test_login.py-登录断言处理-日志信息:开始执行第4个条测试用例
2020-07-09 18:01:09,569-[ERROR]-test_login.py-登录断言处理-日志信息:第4条的结果为：flas
2020-07-09 18:01:09,572-[INFO]-test_login.py-登录断言处理-日志信息:开始执行第5个条测试用例
2020-07-09 18:01:09,987-[ERROR]-test_login.py-登录断言处理-日志信息:第5条的结果为：flas
2020-07-09 18:01:09,991-[INFO]-test_login.py-登录断言处理-日志信息:开始执行第6个条测试用例
2020-07-09 18:01:10,358-[ERROR]-test_login.py-登录断言处理-日志信息:第6条的结果为：flas
2020-07-09 18:01:10,362-[INFO]-test_login.py-登录断言处理-日志信息:开始执行第7个条测试用例
2020-07-09 18:01:11,382-[ERROR]-test_login.py-登录断言处理-日志信息:第7条的结果为：flas
2020-07-09 18:01:36,527-[INFO]-test_login.py-登录断言处理-日志信息:开始执行第1个条测试用例
2020-07-09 18:01:36,528-[INFO]-test_login.py-登录断言处理-日志信息:开始执行第2个条测试用例
2020-07-09 18:01:36,528-[INFO]-test_login.py-登录断言处理-日志信息:开始执行第3个条测试用例
2020-07-09 18:01:36,529-[INFO]-test_login.py-登录断言处理-日志信息:开始执行第4个条测试用例
2020-07-09 18:01:36,530-[INFO]-test_login.py-登录断言处理-日志信息:开始执行第5个条测试用例
2020-07-09 18:01:36,530-[INFO]-test_login.py-登录断言处理-日志信息:开始执行第6个条测试用例
2020-07-09 18:01:36,531-[INFO]-test_login.py-登录断言处理-日志信息:开始执行第7个条测试用例
2020-07-09 18:03:12,976-[INFO]-test_login.py-登录断言处理-日志信息:开始执行第1个条测试用例
2020-07-09 18:03:12,977-[INFO]-test_login.py-登录断言处理-日志信息:开始执行第2个条测试用例
2020-07-09 18:03:12,978-[INFO]-test_login.py-登录断言处理-日志信息:开始执行第3个条测试用例
2020-07-09 18:03:12,979-[INFO]-test_login.py-登录断言处理-日志信息:开始执行第4个条测试用例
2020-07-09 18:03:12,979-[INFO]-test_login.py-登录断言处理-日志信息:开始执行第5个条测试用例
2020-07-09 18:03:12,980-[INFO]-test_login.py-登录断言处理-日志信息:开始执行第6个条测试用例
2020-07-09 18:03:12,981-[INFO]-test_login.py-登录断言处理-日志信息:开始执行第7个条测试用例
2020-07-09 18:03:50,786-[INFO]-test_login.py-登录断言处理-日志信息:开始执行第1个条测试用例
2020-07-09 18:03:50,787-[INFO]-test_login.py-登录断言处理-日志信息:开始执行第2个条测试用例
2020-07-09 18:03:50,790-[INFO]-test_login.py-登录断言处理-日志信息:开始执行第3个条测试用例
2020-07-09 18:03:50,790-[INFO]-test_login.py-登录断言处理-日志信息:开始执行第4个条测试用例
2020-07-09 18:03:50,792-[INFO]-test_login.py-登录断言处理-日志信息:开始执行第5个条测试用例
2020-07-09 18:03:50,792-[INFO]-test_login.py-登录断言处理-日志信息:开始执行第6个条测试用例
2020-07-09 18:03:50,793-[INFO]-test_login.py-登录断言处理-日志信息:开始执行第7个条测试用例
2020-07-09 18:04:25,387-[INFO]-test_login.py-登录断言处理-日志信息:开始执行第1个条测试用例
2020-07-09 18:04:25,388-[INFO]-test_login.py-登录断言处理-日志信息:开始执行第2个条测试用例
2020-07-09 18:04:25,391-[INFO]-test_login.py-登录断言处理-日志信息:开始执行第3个条测试用例
2020-07-09 18:04:25,391-[INFO]-test_login.py-登录断言处理-日志信息:开始执行第4个条测试用例
2020-07-09 18:04:25,391-[INFO]-test_login.py-登录断言处理-日志信息:开始执行第5个条测试用例
2020-07-09 18:04:25,392-[INFO]-test_login.py-登录断言处理-日志信息:开始执行第6个条测试用例
2020-07-09 18:04:25,393-[INFO]-test_login.py-登录断言处理-日志信息:开始执行第7个条测试用例
2020-07-09 18:04:45,275-[INFO]-test_login.py-登录断言处理-日志信息:开始执行第1个条测试用例
2020-07-09 18:04:46,094-[ERROR]-test_login.py-登录断言处理-日志信息:第1条的结果为：pass
2020-07-09 18:04:46,098-[INFO]-test_login.py-登录断言处理-日志信息:开始执行第2个条测试用例
2020-07-09 18:04:46,327-[ERROR]-test_login.py-登录断言处理-日志信息:第2条的结果为：pass
2020-07-09 18:04:46,329-[INFO]-test_login.py-登录断言处理-日志信息:开始执行第3个条测试用例
2020-07-09 18:04:46,559-[ERROR]-test_login.py-登录断言处理-日志信息:第3条的结果为：pass
2020-07-09 18:04:46,561-[INFO]-test_login.py-登录断言处理-日志信息:开始执行第4个条测试用例
2020-07-09 18:04:46,825-[ERROR]-test_login.py-登录断言处理-日志信息:第4条的结果为：pass
2020-07-09 18:04:46,828-[INFO]-test_login.py-登录断言处理-日志信息:开始执行第5个条测试用例
2020-07-09 18:04:47,092-[ERROR]-test_login.py-登录断言处理-日志信息:第5条的结果为：flas
2020-07-09 18:04:47,096-[INFO]-test_login.py-登录断言处理-日志信息:开始执行第6个条测试用例
2020-07-09 18:04:47,362-[ERROR]-test_login.py-登录断言处理-日志信息:第6条的结果为：pass
2020-07-09 18:04:47,365-[INFO]-test_login.py-登录断言处理-日志信息:开始执行第7个条测试用例
2020-07-09 18:04:47,634-[ERROR]-test_login.py-登录断言处理-日志信息:第7条的结果为：pass
2020-07-10 10:18:21,198-[INFO]-test_login.py-登录断言处理-日志信息:开始执行第1个条测试用例
2020-07-10 10:18:22,124-[ERROR]-test_login.py-登录断言处理-日志信息:第1条的结果为：pass
2020-07-10 10:18:22,126-[INFO]-test_login.py-登录断言处理-日志信息:开始执行第2个条测试用例
2020-07-10 10:18:22,404-[ERROR]-test_login.py-登录断言处理-日志信息:第2条的结果为：pass
2020-07-10 10:18:22,406-[INFO]-test_login.py-登录断言处理-日志信息:开始执行第3个条测试用例
2020-07-10 10:18:22,630-[ERROR]-test_login.py-登录断言处理-日志信息:第3条的结果为：pass
2020-07-10 10:18:22,633-[INFO]-test_login.py-登录断言处理-日志信息:开始执行第4个条测试用例
2020-07-10 10:18:22,881-[ERROR]-test_login.py-登录断言处理-日志信息:第4条的结果为：pass
2020-07-10 10:18:22,883-[INFO]-test_login.py-登录断言处理-日志信息:开始执行第5个条测试用例
2020-07-10 10:18:23,160-[ERROR]-test_login.py-登录断言处理-日志信息:第5条的结果为：pass
2020-07-10 10:18:23,162-[INFO]-test_login.py-登录断言处理-日志信息:开始执行第6个条测试用例
2020-07-10 10:18:23,414-[ERROR]-test_login.py-登录断言处理-日志信息:第6条的结果为：pass
2020-07-10 10:18:23,417-[INFO]-test_login.py-登录断言处理-日志信息:开始执行第7个条测试用例
2020-07-10 10:18:23,691-[ERROR]-test_login.py-登录断言处理-日志信息:第7条的结果为：pass
2020-07-10 17:44:09,994-[INFO]-test_login.py-登录断言处理-日志信息:开始执行第1个条测试用例
2020-07-10 17:44:10,993-[ERROR]-test_login.py-登录断言处理-日志信息:第1条的结果为：pass
2020-07-10 17:44:10,996-[INFO]-test_login.py-登录断言处理-日志信息:开始执行第2个条测试用例
2020-07-10 17:44:11,312-[ERROR]-test_login.py-登录断言处理-日志信息:第2条的结果为：pass
2020-07-10 17:44:11,315-[INFO]-test_login.py-登录断言处理-日志信息:开始执行第3个条测试用例
2020-07-10 17:44:11,572-[ERROR]-test_login.py-登录断言处理-日志信息:第3条的结果为：pass
2020-07-10 17:44:11,574-[INFO]-test_login.py-登录断言处理-日志信息:开始执行第4个条测试用例
2020-07-10 17:44:11,850-[ERROR]-test_login.py-登录断言处理-日志信息:第4条的结果为：pass
2020-07-10 17:44:11,853-[INFO]-test_login.py-登录断言处理-日志信息:开始执行第5个条测试用例
2020-07-10 17:44:12,158-[ERROR]-test_login.py-登录断言处理-日志信息:第5条的结果为：pass
2020-07-10 17:44:12,161-[INFO]-test_login.py-登录断言处理-日志信息:开始执行第6个条测试用例
2020-07-10 17:44:12,422-[ERROR]-test_login.py-登录断言处理-日志信息:第6条的结果为：pass
2020-07-10 17:44:12,424-[INFO]-test_login.py-登录断言处理-日志信息:开始执行第7个条测试用例
2020-07-10 17:44:12,767-[ERROR]-test_login.py-登录断言处理-日志信息:第7条的结果为：pass
2020-07-24 11:42:56,763-[INFO]-test_login.py-登录断言处理-日志信息:开始执行第1个条测试用例
2020-07-24 11:43:03,398-[ERROR]-test_login.py-登录断言处理-日志信息:第1条的结果为：pass
2020-07-24 11:43:03,401-[INFO]-test_login.py-登录断言处理-日志信息:开始执行第2个条测试用例
2020-07-24 11:43:06,233-[ERROR]-test_login.py-登录断言处理-日志信息:第2条的结果为：pass
2020-07-24 11:43:06,235-[INFO]-test_login.py-登录断言处理-日志信息:开始执行第3个条测试用例
2020-07-24 11:43:12,577-[ERROR]-test_login.py-登录断言处理-日志信息:第3条的结果为：pass
2020-07-24 11:43:12,579-[INFO]-test_login.py-登录断言处理-日志信息:开始执行第4个条测试用例
2020-07-24 11:43:15,245-[ERROR]-test_login.py-登录断言处理-日志信息:第4条的结果为：pass
2020-07-24 11:43:15,247-[INFO]-test_login.py-登录断言处理-日志信息:开始执行第5个条测试用例
2020-07-24 11:43:17,564-[ERROR]-test_login.py-登录断言处理-日志信息:第5条的结果为：pass
2020-07-24 11:43:17,566-[INFO]-test_login.py-登录断言处理-日志信息:开始执行第6个条测试用例
2020-07-24 11:43:20,359-[ERROR]-test_login.py-登录断言处理-日志信息:第6条的结果为：pass
2020-07-24 11:43:20,361-[INFO]-test_login.py-登录断言处理-日志信息:开始执行第7个条测试用例
2020-07-24 11:43:23,503-[ERROR]-test_login.py-登录断言处理-日志信息:第7条的结果为：pass
2020-07-24 14:46:48,113-[INFO]-test_login.py-登录断言处理-日志信息:开始执行第1个条测试用例
2020-07-24 14:46:48,958-[ERROR]-test_login.py-登录断言处理-日志信息:第1条的结果为：pass
2020-07-24 14:46:48,961-[INFO]-test_login.py-登录断言处理-日志信息:开始执行第2个条测试用例
2020-07-24 14:46:49,241-[ERROR]-test_login.py-登录断言处理-日志信息:第2条的结果为：pass
2020-07-24 14:46:49,243-[INFO]-test_login.py-登录断言处理-日志信息:开始执行第3个条测试用例
2020-07-24 14:46:49,439-[ERROR]-test_login.py-登录断言处理-日志信息:第3条的结果为：pass
2020-07-24 14:46:49,442-[INFO]-test_login.py-登录断言处理-日志信息:开始执行第4个条测试用例
2020-07-24 14:46:49,644-[ERROR]-test_login.py-登录断言处理-日志信息:第4条的结果为：pass
2020-07-24 14:46:49,646-[INFO]-test_login.py-登录断言处理-日志信息:开始执行第5个条测试用例
2020-07-24 14:46:49,876-[ERROR]-test_login.py-登录断言处理-日志信息:第5条的结果为：pass
2020-07-24 14:46:49,878-[INFO]-test_login.py-登录断言处理-日志信息:开始执行第6个条测试用例
2020-07-24 14:46:50,099-[ERROR]-test_login.py-登录断言处理-日志信息:第6条的结果为：pass
2020-07-24 14:46:50,102-[INFO]-test_login.py-登录断言处理-日志信息:开始执行第7个条测试用例
2020-07-24 14:46:50,311-[ERROR]-test_login.py-登录断言处理-日志信息:第7条的结果为：pass
2020-07-24 14:46:57,902-[INFO]-test_login.py-登录断言处理-日志信息:开始执行第1个条测试用例
2020-07-24 14:46:58,673-[ERROR]-test_login.py-登录断言处理-日志信息:第1条的结果为：pass
2020-07-24 14:46:58,677-[INFO]-test_login.py-登录断言处理-日志信息:开始执行第2个条测试用例
2020-07-24 14:46:58,897-[ERROR]-test_login.py-登录断言处理-日志信息:第2条的结果为：pass
2020-07-24 14:46:58,900-[INFO]-test_login.py-登录断言处理-日志信息:开始执行第3个条测试用例
2020-07-24 14:46:59,258-[ERROR]-test_login.py-登录断言处理-日志信息:第3条的结果为：pass
2020-07-24 14:46:59,260-[INFO]-test_login.py-登录断言处理-日志信息:开始执行第4个条测试用例
2020-07-24 14:46:59,458-[ERROR]-test_login.py-登录断言处理-日志信息:第4条的结果为：pass
2020-07-24 14:46:59,462-[INFO]-test_login.py-登录断言处理-日志信息:开始执行第5个条测试用例
2020-07-24 14:46:59,682-[ERROR]-test_login.py-登录断言处理-日志信息:第5条的结果为：pass
2020-07-24 14:46:59,684-[INFO]-test_login.py-登录断言处理-日志信息:开始执行第6个条测试用例
2020-07-24 14:46:59,892-[ERROR]-test_login.py-登录断言处理-日志信息:第6条的结果为：pass
2020-07-24 14:46:59,895-[INFO]-test_login.py-登录断言处理-日志信息:开始执行第7个条测试用例
2020-07-24 14:47:00,093-[ERROR]-test_login.py-登录断言处理-日志信息:第7条的结果为：pass
2020-07-24 14:47:04,572-[INFO]-test_login.py-登录断言处理-日志信息:开始执行第1个条测试用例
2020-07-24 14:47:05,351-[ERROR]-test_login.py-登录断言处理-日志信息:第1条的结果为：pass
2020-07-24 14:47:05,355-[INFO]-test_login.py-登录断言处理-日志信息:开始执行第2个条测试用例
2020-07-24 14:47:05,586-[ERROR]-test_login.py-登录断言处理-日志信息:第2条的结果为：pass
2020-07-24 14:47:05,589-[INFO]-test_login.py-登录断言处理-日志信息:开始执行第3个条测试用例
2020-07-24 14:47:05,803-[ERROR]-test_login.py-登录断言处理-日志信息:第3条的结果为：pass
2020-07-24 14:47:05,807-[INFO]-test_login.py-登录断言处理-日志信息:开始执行第4个条测试用例
2020-07-24 14:47:06,025-[ERROR]-test_login.py-登录断言处理-日志信息:第4条的结果为：pass
2020-07-24 14:47:06,028-[INFO]-test_login.py-登录断言处理-日志信息:开始执行第5个条测试用例
2020-07-24 14:47:06,245-[ERROR]-test_login.py-登录断言处理-日志信息:第5条的结果为：pass
2020-07-24 14:47:06,247-[INFO]-test_login.py-登录断言处理-日志信息:开始执行第6个条测试用例
2020-07-24 14:47:06,454-[ERROR]-test_login.py-登录断言处理-日志信息:第6条的结果为：pass
2020-07-24 14:47:06,457-[INFO]-test_login.py-登录断言处理-日志信息:开始执行第7个条测试用例
2020-07-24 14:47:06,650-[ERROR]-test_login.py-登录断言处理-日志信息:第7条的结果为：pass
2020-08-04 14:07:21,964-[INFO]-test_login.py-登录断言处理-日志信息:开始执行第1个条测试用例
2020-08-04 14:07:22,937-[ERROR]-test_login.py-登录断言处理-日志信息:第1条的结果为：pass
2020-08-04 14:07:22,940-[INFO]-test_login.py-登录断言处理-日志信息:开始执行第2个条测试用例
2020-08-04 14:07:23,158-[ERROR]-test_login.py-登录断言处理-日志信息:第2条的结果为：pass
2020-08-04 14:07:23,162-[INFO]-test_login.py-登录断言处理-日志信息:开始执行第3个条测试用例
2020-08-04 14:07:23,365-[ERROR]-test_login.py-登录断言处理-日志信息:第3条的结果为：pass
2020-08-04 14:07:23,367-[INFO]-test_login.py-登录断言处理-日志信息:开始执行第4个条测试用例
2020-08-04 14:07:23,581-[ERROR]-test_login.py-登录断言处理-日志信息:第4条的结果为：pass
2020-08-04 14:07:23,584-[INFO]-test_login.py-登录断言处理-日志信息:开始执行第5个条测试用例
2020-08-04 14:07:23,787-[ERROR]-test_login.py-登录断言处理-日志信息:第5条的结果为：pass
2020-08-04 14:07:23,789-[INFO]-test_login.py-登录断言处理-日志信息:开始执行第6个条测试用例
2020-08-04 14:07:23,998-[ERROR]-test_login.py-登录断言处理-日志信息:第6条的结果为：pass
2020-08-04 14:07:24,001-[INFO]-test_login.py-登录断言处理-日志信息:开始执行第7个条测试用例
2020-08-04 14:07:24,271-[ERROR]-test_login.py-登录断言处理-日志信息:第7条的结果为：pass
2020-08-04 14:20:17,142-[INFO]-test_login.py-登录断言处理-日志信息:开始执行第1个条测试用例
2020-08-04 14:20:17,894-[ERROR]-test_login.py-登录断言处理-日志信息:第1条的结果为：flas
2020-08-04 14:20:17,914-[INFO]-test_login.py-登录断言处理-日志信息:开始执行第2个条测试用例
2020-08-04 14:20:18,123-[ERROR]-test_login.py-登录断言处理-日志信息:第2条的结果为：pass
2020-08-04 14:20:18,125-[INFO]-test_login.py-登录断言处理-日志信息:开始执行第3个条测试用例
2020-08-04 14:20:18,328-[ERROR]-test_login.py-登录断言处理-日志信息:第3条的结果为：pass
2020-08-04 14:20:18,331-[INFO]-test_login.py-登录断言处理-日志信息:开始执行第4个条测试用例
2020-08-04 14:20:18,700-[ERROR]-test_login.py-登录断言处理-日志信息:第4条的结果为：pass
2020-08-04 14:20:18,702-[INFO]-test_login.py-登录断言处理-日志信息:开始执行第5个条测试用例
2020-08-04 14:20:19,256-[ERROR]-test_login.py-登录断言处理-日志信息:第5条的结果为：pass
2020-08-04 14:20:19,258-[INFO]-test_login.py-登录断言处理-日志信息:开始执行第6个条测试用例
2020-08-04 14:20:19,538-[ERROR]-test_login.py-登录断言处理-日志信息:第6条的结果为：pass
2020-08-04 14:20:19,540-[INFO]-test_login.py-登录断言处理-日志信息:开始执行第7个条测试用例
2020-08-04 14:20:19,741-[ERROR]-test_login.py-登录断言处理-日志信息:第7条的结果为：pass
2020-08-05 17:22:42,204-[INFO]-test_login.py-登录断言处理-日志信息:开始执行第1个条测试用例
2020-08-05 17:22:42,260-[INFO]-test_login.py-登录断言处理-日志信息:开始执行第2个条测试用例
2020-08-05 17:22:42,264-[INFO]-test_login.py-登录断言处理-日志信息:开始执行第3个条测试用例
2020-08-05 17:22:42,269-[INFO]-test_login.py-登录断言处理-日志信息:开始执行第4个条测试用例
2020-08-05 17:22:42,273-[INFO]-test_login.py-登录断言处理-日志信息:开始执行第5个条测试用例
2020-08-05 17:22:42,278-[INFO]-test_login.py-登录断言处理-日志信息:开始执行第6个条测试用例
2020-08-05 17:22:42,282-[INFO]-test_login.py-登录断言处理-日志信息:开始执行第7个条测试用例
2020-08-05 17:23:16,674-[INFO]-test_login.py-登录断言处理-日志信息:开始执行第1个条测试用例
2020-08-05 17:23:16,683-[INFO]-test_login.py-登录断言处理-日志信息:开始执行第2个条测试用例
2020-08-05 17:23:16,686-[INFO]-test_login.py-登录断言处理-日志信息:开始执行第3个条测试用例
2020-08-05 17:23:16,692-[INFO]-test_login.py-登录断言处理-日志信息:开始执行第4个条测试用例
2020-08-05 17:23:16,697-[INFO]-test_login.py-登录断言处理-日志信息:开始执行第5个条测试用例
2020-08-05 17:23:16,701-[INFO]-test_login.py-登录断言处理-日志信息:开始执行第6个条测试用例
2020-08-05 17:23:16,705-[INFO]-test_login.py-登录断言处理-日志信息:开始执行第7个条测试用例
2020-08-05 17:24:18,951-[INFO]-test_login.py-登录断言处理-日志信息:开始执行第1个条测试用例
2020-08-05 17:24:18,960-[INFO]-test_login.py-登录断言处理-日志信息:开始执行第2个条测试用例
2020-08-05 17:24:18,964-[INFO]-test_login.py-登录断言处理-日志信息:开始执行第3个条测试用例
2020-08-05 17:24:18,968-[INFO]-test_login.py-登录断言处理-日志信息:开始执行第4个条测试用例
2020-08-05 17:24:18,972-[INFO]-test_login.py-登录断言处理-日志信息:开始执行第5个条测试用例
2020-08-05 17:24:18,976-[INFO]-test_login.py-登录断言处理-日志信息:开始执行第6个条测试用例
2020-08-05 17:24:18,980-[INFO]-test_login.py-登录断言处理-日志信息:开始执行第7个条测试用例
2020-08-05 17:34:49,222-[INFO]-test_login.py-登录断言处理-日志信息:开始执行第1个条测试用例
2020-08-05 17:34:51,623-[INFO]-test_login.py-登录断言处理-日志信息:开始执行第2个条测试用例
2020-08-05 17:34:52,719-[INFO]-test_login.py-登录断言处理-日志信息:开始执行第3个条测试用例
2020-08-05 17:34:53,884-[INFO]-test_login.py-登录断言处理-日志信息:开始执行第4个条测试用例
2020-08-05 17:34:54,909-[INFO]-test_login.py-登录断言处理-日志信息:开始执行第5个条测试用例
2020-08-05 17:34:56,937-[INFO]-test_login.py-登录断言处理-日志信息:开始执行第6个条测试用例
2020-08-05 17:34:58,543-[INFO]-test_login.py-登录断言处理-日志信息:开始执行第7个条测试用例
2020-08-05 17:35:34,883-[INFO]-test_login.py-登录断言处理-日志信息:开始执行第1个条测试用例
2020-08-05 17:35:36,547-[ERROR]-test_login.py-登录断言处理-日志信息:第1条的结果为：flas
2020-08-05 17:35:36,552-[INFO]-test_login.py-登录断言处理-日志信息:开始执行第2个条测试用例
2020-08-05 17:35:37,638-[ERROR]-test_login.py-登录断言处理-日志信息:第2条的结果为：pass
2020-08-05 17:35:37,640-[INFO]-test_login.py-登录断言处理-日志信息:开始执行第3个条测试用例
2020-08-05 17:35:38,763-[ERROR]-test_login.py-登录断言处理-日志信息:第3条的结果为：pass
2020-08-05 17:35:38,766-[INFO]-test_login.py-登录断言处理-日志信息:开始执行第4个条测试用例
2020-08-05 17:35:40,012-[ERROR]-test_login.py-登录断言处理-日志信息:第4条的结果为：pass
2020-08-05 17:35:40,015-[INFO]-test_login.py-登录断言处理-日志信息:开始执行第5个条测试用例
2020-08-05 17:35:41,818-[ERROR]-test_login.py-登录断言处理-日志信息:第5条的结果为：pass
2020-08-05 17:35:41,821-[INFO]-test_login.py-登录断言处理-日志信息:开始执行第6个条测试用例
2020-08-05 17:35:43,401-[ERROR]-test_login.py-登录断言处理-日志信息:第6条的结果为：pass
2020-08-05 17:35:43,404-[INFO]-test_login.py-登录断言处理-日志信息:开始执行第7个条测试用例
2020-08-05 17:35:44,900-[ERROR]-test_login.py-登录断言处理-日志信息:第7条的结果为：pass
2020-08-05 17:37:59,804-[INFO]-test_login.py-登录断言处理-日志信息:开始执行第1个条测试用例
2020-08-05 17:38:01,971-[ERROR]-test_login.py-登录断言处理-日志信息:第1条的结果为：pass
2020-08-05 17:38:01,975-[INFO]-test_login.py-登录断言处理-日志信息:开始执行第2个条测试用例
2020-08-05 17:38:02,961-[ERROR]-test_login.py-登录断言处理-日志信息:第2条的结果为：pass
2020-08-05 17:38:02,964-[INFO]-test_login.py-登录断言处理-日志信息:开始执行第3个条测试用例
2020-08-05 17:38:04,082-[ERROR]-test_login.py-登录断言处理-日志信息:第3条的结果为：pass
2020-08-05 17:38:04,084-[INFO]-test_login.py-登录断言处理-日志信息:开始执行第4个条测试用例
2020-08-05 17:38:05,354-[ERROR]-test_login.py-登录断言处理-日志信息:第4条的结果为：pass
2020-08-05 17:38:05,357-[INFO]-test_login.py-登录断言处理-日志信息:开始执行第5个条测试用例
2020-08-05 17:38:07,805-[ERROR]-test_login.py-登录断言处理-日志信息:第5条的结果为：pass
2020-08-05 17:38:07,807-[INFO]-test_login.py-登录断言处理-日志信息:开始执行第6个条测试用例
2020-08-05 17:38:09,215-[ERROR]-test_login.py-登录断言处理-日志信息:第6条的结果为：pass
2020-08-05 17:38:09,217-[INFO]-test_login.py-登录断言处理-日志信息:开始执行第7个条测试用例
2020-08-05 17:38:10,252-[ERROR]-test_login.py-登录断言处理-日志信息:第7条的结果为：pass
2020-08-17 17:44:03,362-[INFO]-test_login.py-登录断言处理-日志信息:开始执行第1个条测试用例
2020-08-17 17:44:04,491-[ERROR]-test_login.py-登录断言处理-日志信息:第1条的结果为：pass
2020-08-17 17:44:04,494-[INFO]-test_login.py-登录断言处理-日志信息:开始执行第2个条测试用例
2020-08-17 17:44:04,711-[ERROR]-test_login.py-登录断言处理-日志信息:第2条的结果为：pass
2020-08-17 17:44:04,713-[INFO]-test_login.py-登录断言处理-日志信息:开始执行第3个条测试用例
2020-08-17 17:44:04,927-[ERROR]-test_login.py-登录断言处理-日志信息:第3条的结果为：pass
2020-08-17 17:44:04,930-[INFO]-test_login.py-登录断言处理-日志信息:开始执行第4个条测试用例
2020-08-17 17:44:05,370-[ERROR]-test_login.py-登录断言处理-日志信息:第4条的结果为：pass
2020-08-17 17:44:05,371-[INFO]-test_login.py-登录断言处理-日志信息:开始执行第5个条测试用例
2020-08-17 17:44:05,593-[ERROR]-test_login.py-登录断言处理-日志信息:第5条的结果为：pass
2020-08-17 17:44:05,595-[INFO]-test_login.py-登录断言处理-日志信息:开始执行第6个条测试用例
2020-08-17 17:44:05,810-[ERROR]-test_login.py-登录断言处理-日志信息:第6条的结果为：pass
2020-08-17 17:44:05,813-[INFO]-test_login.py-登录断言处理-日志信息:开始执行第7个条测试用例
2020-08-17 17:44:06,025-[ERROR]-test_login.py-登录断言处理-日志信息:第7条的结果为：pass
2020-08-17 17:44:25,482-[INFO]-test_register.py-注册断言处理-日志信息:开始执行第1个条测试用例
2020-08-17 17:44:26,284-[ERROR]-test_register.py-注册断言处理-日志信息:第1条的结果为：flas
2020-08-17 17:44:26,397-[INFO]-test_register.py-注册断言处理-日志信息:开始执行第2个条测试用例
2020-08-17 17:44:26,609-[ERROR]-test_register.py-注册断言处理-日志信息:第2条的结果为：flas
2020-08-17 17:44:26,702-[INFO]-test_register.py-注册断言处理-日志信息:开始执行第3个条测试用例
2020-08-17 17:44:26,901-[ERROR]-test_register.py-注册断言处理-日志信息:第3条的结果为：flas
2020-08-17 17:44:27,055-[INFO]-test_register.py-注册断言处理-日志信息:开始执行第4个条测试用例
2020-08-17 17:44:27,257-[ERROR]-test_register.py-注册断言处理-日志信息:第4条的结果为：flas
2020-08-17 17:44:27,347-[INFO]-test_register.py-注册断言处理-日志信息:开始执行第5个条测试用例
2020-08-17 17:44:27,554-[ERROR]-test_register.py-注册断言处理-日志信息:第5条的结果为：flas
2020-08-17 17:44:50,070-[INFO]-test_register.py-注册断言处理-日志信息:开始执行第1个条测试用例
2020-08-17 17:44:51,033-[ERROR]-test_register.py-注册断言处理-日志信息:第1条的结果为：flas
2020-08-17 17:44:51,127-[INFO]-test_register.py-注册断言处理-日志信息:开始执行第2个条测试用例
2020-08-17 17:44:51,339-[ERROR]-test_register.py-注册断言处理-日志信息:第2条的结果为：flas
2020-08-17 17:44:51,431-[INFO]-test_register.py-注册断言处理-日志信息:开始执行第3个条测试用例
2020-08-17 17:44:51,635-[ERROR]-test_register.py-注册断言处理-日志信息:第3条的结果为：flas
2020-08-17 17:44:51,736-[INFO]-test_register.py-注册断言处理-日志信息:开始执行第4个条测试用例
2020-08-17 17:44:51,948-[ERROR]-test_register.py-注册断言处理-日志信息:第4条的结果为：flas
2020-08-17 17:44:52,039-[INFO]-test_register.py-注册断言处理-日志信息:开始执行第5个条测试用例
2020-08-17 17:44:52,244-[ERROR]-test_register.py-注册断言处理-日志信息:第5条的结果为：flas
2020-08-17 17:45:19,603-[INFO]-test_login.py-登录断言处理-日志信息:开始执行第1个条测试用例
2020-08-17 17:45:20,567-[ERROR]-test_login.py-登录断言处理-日志信息:第1条的结果为：pass
2020-08-17 17:45:20,570-[INFO]-test_login.py-登录断言处理-日志信息:开始执行第2个条测试用例
2020-08-17 17:45:20,810-[ERROR]-test_login.py-登录断言处理-日志信息:第2条的结果为：pass
2020-08-17 17:45:20,814-[INFO]-test_login.py-登录断言处理-日志信息:开始执行第3个条测试用例
2020-08-17 17:45:21,038-[ERROR]-test_login.py-登录断言处理-日志信息:第3条的结果为：pass
2020-08-17 17:45:21,041-[INFO]-test_login.py-登录断言处理-日志信息:开始执行第4个条测试用例
2020-08-17 17:45:21,253-[ERROR]-test_login.py-登录断言处理-日志信息:第4条的结果为：pass
2020-08-17 17:45:21,255-[INFO]-test_login.py-登录断言处理-日志信息:开始执行第5个条测试用例
2020-08-17 17:45:21,637-[ERROR]-test_login.py-登录断言处理-日志信息:第5条的结果为：pass
2020-08-17 17:45:21,639-[INFO]-test_login.py-登录断言处理-日志信息:开始执行第6个条测试用例
2020-08-17 17:45:21,866-[ERROR]-test_login.py-登录断言处理-日志信息:第6条的结果为：pass
2020-08-17 17:45:21,868-[INFO]-test_login.py-登录断言处理-日志信息:开始执行第7个条测试用例
2020-08-17 17:45:22,069-[ERROR]-test_login.py-登录断言处理-日志信息:第7条的结果为：pass
2020-08-17 17:45:47,195-[INFO]-test_register.py-注册断言处理-日志信息:开始执行第1个条测试用例
2020-08-17 17:45:47,970-[ERROR]-test_register.py-注册断言处理-日志信息:第1条的结果为：flas
2020-08-17 17:45:48,165-[INFO]-test_register.py-注册断言处理-日志信息:开始执行第2个条测试用例
2020-08-17 17:45:48,371-[ERROR]-test_register.py-注册断言处理-日志信息:第2条的结果为：flas
2020-08-17 17:45:48,656-[INFO]-test_register.py-注册断言处理-日志信息:开始执行第3个条测试用例
2020-08-17 17:45:49,054-[ERROR]-test_register.py-注册断言处理-日志信息:第3条的结果为：flas
2020-08-17 17:45:49,165-[INFO]-test_register.py-注册断言处理-日志信息:开始执行第4个条测试用例
2020-08-17 17:45:49,525-[ERROR]-test_register.py-注册断言处理-日志信息:第4条的结果为：flas
2020-08-17 17:45:49,646-[INFO]-test_register.py-注册断言处理-日志信息:开始执行第5个条测试用例
2020-08-17 17:45:49,859-[ERROR]-test_register.py-注册断言处理-日志信息:第5条的结果为：flas
2020-08-17 17:49:27,970-[INFO]-test_register.py-注册断言处理-日志信息:开始执行第1个条测试用例
2020-08-17 17:49:29,008-[INFO]-test_register.py-注册断言处理-日志信息:开始执行第2个条测试用例
2020-08-17 17:49:29,271-[INFO]-test_register.py-注册断言处理-日志信息:开始执行第3个条测试用例
2020-08-17 17:49:29,513-[INFO]-test_register.py-注册断言处理-日志信息:开始执行第4个条测试用例
2020-08-17 17:49:29,759-[INFO]-test_register.py-注册断言处理-日志信息:开始执行第5个条测试用例
2020-08-17 17:52:10,305-[INFO]-test_register.py-注册断言处理-日志信息:开始执行第1个条测试用例
2020-08-17 17:52:12,535-[INFO]-test_register.py-注册断言处理-日志信息:开始执行第2个条测试用例
2020-08-17 17:52:13,705-[INFO]-test_register.py-注册断言处理-日志信息:开始执行第3个条测试用例
2020-08-17 17:52:14,790-[INFO]-test_register.py-注册断言处理-日志信息:开始执行第4个条测试用例
2020-08-17 17:52:15,795-[INFO]-test_register.py-注册断言处理-日志信息:开始执行第5个条测试用例
2020-08-17 17:53:05,446-[INFO]-test_register.py-注册断言处理-日志信息:开始执行第1个条测试用例
2020-08-17 17:53:07,497-[INFO]-test_register.py-注册断言处理-日志信息:开始执行第2个条测试用例
2020-08-17 17:53:08,686-[INFO]-test_register.py-注册断言处理-日志信息:开始执行第3个条测试用例
2020-08-17 17:53:09,645-[INFO]-test_register.py-注册断言处理-日志信息:开始执行第4个条测试用例
2020-08-17 17:53:10,741-[INFO]-test_register.py-注册断言处理-日志信息:开始执行第5个条测试用例
2020-08-17 17:53:33,169-[INFO]-test_register.py-注册断言处理-日志信息:开始执行第1个条测试用例
2020-08-17 17:53:34,622-[ERROR]-test_register.py-注册断言处理-日志信息:第1条的结果为：pass
2020-08-17 17:53:35,176-[INFO]-test_register.py-注册断言处理-日志信息:开始执行第2个条测试用例
2020-08-17 17:53:35,851-[ERROR]-test_register.py-注册断言处理-日志信息:第2条的结果为：pass
2020-08-17 17:53:36,355-[INFO]-test_register.py-注册断言处理-日志信息:开始执行第3个条测试用例
2020-08-17 17:53:36,940-[ERROR]-test_register.py-注册断言处理-日志信息:第3条的结果为：pass
2020-08-17 17:53:37,525-[INFO]-test_register.py-注册断言处理-日志信息:开始执行第4个条测试用例
2020-08-17 17:53:38,253-[ERROR]-test_register.py-注册断言处理-日志信息:第4条的结果为：pass
2020-08-17 17:53:38,714-[INFO]-test_register.py-注册断言处理-日志信息:开始执行第5个条测试用例
2020-08-17 17:53:39,233-[ERROR]-test_register.py-注册断言处理-日志信息:第5条的结果为：pass
